[INFO  - 2020-02-24T12:18:23.950Z] GhostDriver - Main - running on port 49859
[INFO  - 2020-02-24T12:18:26.129Z] Session [c2188ee0-56ff-11ea-a777-dfdb041301d5] - page.settings - {"XSSAuditingEnabled":false,"javascriptCanCloseWindows":true,"javascriptCanOpenWindows":true,"javascriptEnabled":true,"loadImages":true,"localToRemoteUrlAccessEnabled":false,"userAgent":"Mozilla/5.0 (Windows NT 6.2; WOW64) AppleWebKit/538.1 (KHTML, like Gecko) PhantomJS/2.1.1 Safari/538.1","webSecurityEnabled":true}
[INFO  - 2020-02-24T12:18:26.129Z] Session [c2188ee0-56ff-11ea-a777-dfdb041301d5] - page.customHeaders:  - {}
[INFO  - 2020-02-24T12:18:26.129Z] Session [c2188ee0-56ff-11ea-a777-dfdb041301d5] - Session.negotiatedCapabilities - {"browserName":"phantomjs","version":"2.1.1","driverName":"ghostdriver","driverVersion":"1.2.0","platform":"windows-10-32bit","javascriptEnabled":true,"takesScreenshot":true,"handlesAlerts":false,"databaseEnabled":false,"locationContextEnabled":false,"applicationCacheEnabled":false,"browserConnectionEnabled":false,"cssSelectorsEnabled":true,"webStorageEnabled":false,"rotatable":false,"acceptSslCerts":false,"nativeEvents":true,"proxy":{"proxyType":"direct"}}
[INFO  - 2020-02-24T12:18:26.129Z] SessionManagerReqHand - _postNewSessionCommand - New Session Created: c2188ee0-56ff-11ea-a777-dfdb041301d5
[ERROR - 2020-02-24T12:18:29.062Z] WebElementLocator - _handleLocateCommand - Element(s) NOT Found: GAVE UP. Search Stop Time: 1582546709038

  phantomjs://platform/console++.js:263 in error
[ERROR - 2020-02-24T12:18:30.013Z] WebElementLocator - _handleLocateCommand - Element(s) NOT Found: GAVE UP. Search Stop Time: 1582546709964

  phantomjs://platform/console++.js:263 in error
[ERROR - 2020-02-24T12:18:30.858Z] WebElementLocator - _handleLocateCommand - Element(s) NOT Found: GAVE UP. Search Stop Time: 1582546710829

  phantomjs://platform/console++.js:263 in error
[ERROR - 2020-02-24T12:18:31.716Z] WebElementLocator - _handleLocateCommand - Element(s) NOT Found: GAVE UP. Search Stop Time: 1582546711675

  phantomjs://platform/console++.js:263 in error
[ERROR - 2020-02-24T12:18:32.576Z] WebElementLocator - _handleLocateCommand - Element(s) NOT Found: GAVE UP. Search Stop Time: 1582546712530

  phantomjs://platform/console++.js:263 in error
[ERROR - 2020-02-24T12:18:33.451Z] WebElementLocator - _handleLocateCommand - Element(s) NOT Found: GAVE UP. Search Stop Time: 1582546713407

  phantomjs://platform/console++.js:263 in error
[ERROR - 2020-02-24T12:18:34.312Z] WebElementLocator - _handleLocateCommand - Element(s) NOT Found: GAVE UP. Search Stop Time: 1582546714266

  phantomjs://platform/console++.js:263 in error
[ERROR - 2020-02-24T12:18:35.162Z] WebElementLocator - _handleLocateCommand - Element(s) NOT Found: GAVE UP. Search Stop Time: 1582546715127

  phantomjs://platform/console++.js:263 in error
[ERROR - 2020-02-24T12:18:36.031Z] WebElementLocator - _handleLocateCommand - Element(s) NOT Found: GAVE UP. Search Stop Time: 1582546715975

  phantomjs://platform/console++.js:263 in error
[ERROR - 2020-02-24T12:18:36.889Z] WebElementLocator - _handleLocateCommand - Element(s) NOT Found: GAVE UP. Search Stop Time: 1582546716846

  phantomjs://platform/console++.js:263 in error
[ERROR - 2020-02-24T12:18:37.765Z] WebElementLocator - _handleLocateCommand - Element(s) NOT Found: GAVE UP. Search Stop Time: 1582546717710

  phantomjs://platform/console++.js:263 in error
[ERROR - 2020-02-24T12:18:38.625Z] WebElementLocator - _handleLocateCommand - Element(s) NOT Found: GAVE UP. Search Stop Time: 1582546718583

  phantomjs://platform/console++.js:263 in error
